<?xml version="1.0" encoding="UTF-8"?>
<testExecutions version="1">
    <file path="C:\Users\matthew\Documents\GitHub\ProjectSpeedy\Src\ClientApp\src\App.test.tsx">
        <testCase name="The overall application component should render without errror" duration="82"/>
    </file>
</testExecutions>